<?xml version="1.0" encoding="UTF-8"?>
<!-- Generated by org.testng.reporters.JUnitReportReporter -->
<testsuite skipped="0" hostname="Vennela-PC" name="com.crm.qa.testcases.LoginPageTest" tests="3" failures="0" timestamp="28 Jun 2020 10:44:52 GMT" time="66.916" errors="0">
  <testcase name="verifyLoginPageTitleTest" time="13.472" classname="com.crm.qa.testcases.LoginPageTest"/>
  <testcase name="loginTest" time="35.154" classname="com.crm.qa.testcases.LoginPageTest"/>
  <testcase name="imageLogoTest" time="18.290" classname="com.crm.qa.testcases.LoginPageTest"/>
</testsuite> <!-- com.crm.qa.testcases.LoginPageTest -->
